0.1649999963119626
0.10099999774247408
0.050999998860061166
0.10149999773129821
0.6479999855160713
0.36049999194219706
1.0309999769553542
1.45549996746704
1.254999971948564
1.433499967958778
1.4974999665282667
1.5159999661147594
2.70399993956089
3.515999921411276
3.9059999126940967
5.561499875690788
6.402999856881797
11.099999751895666
11.420499744731933
18.61299958396703
20.45349954282865
26.58449940579012
29.91549933133647
32.88499926496297
35.94399919658899
37.22099916804582
38.908999130316076
38.164999146945775
38.840499131847174
39.3569991203025
39.383999119699
39.23999912291765
39.368499120045456
39.41199911907315
39.34849912049249
39.04699912723154
39.22299912329763
39.07399912662804
39.1434991250746
39.20499912369996
39.44449911834672
39.30149912154302
38.52649913886562
39.10649912590161
39.30149912154302
38.337999143078925
37.91249915258959
37.51949916137382
38.87199913114309
38.743499134015295
38.79349913289771
37.8899991530925
38.41599914133549
37.243999167531726
38.066999149136244
36.84099917653948
37.92749915225431
37.17199916914105
37.39949916405603
37.569499160256235
38.21499914582819
36.233999190106985
38.16449914695695
39.04399912729859
36.53449918339029
36.04699919428676
36.95099917408079
35.950999196432534
37.427499163430184
37.083999171108005
34.54899922776967
36.87849917570129
37.61799915917218
37.84499915409833
37.80149915507063
38.61399913690984
37.875499153416605
38.01749915024266
37.279999166727066
37.23949916763231
38.55199913829565
37.70049915732816
37.375499164592476
38.28699914421886
38.304499143827705
38.04549914961681
37.17649916904047
38.01449915030971
36.561999182775615
38.32549914335832
38.206499146018174
38.650499136094005
38.992999128438534
38.83499913197011
37.01899917256087
38.40849914150313
37.89949915288016
35.24399921223521
36.31749918824062
37.31449916595593
37.90949915265664
37.385999164357784
38.709999134764075
38.04399914965033
38.0349991498515
37.71449915701523
37.327999165654184
36.52949918350205
37.03949917210266
34.70599922426045
37.81799915470183
38.825999132171276
38.04299914967269
37.87399915345013
38.145499147381635
36.42299918588251
35.6954992021434
36.53149918345734
37.84799915403128
36.25599918961525
36.08749919338152
37.69649915741756
37.449499162938444
37.912999152578415
